[debug] [2022-05-16T03:26:26.108Z] ----------------------------------------------------------------------
[debug] [2022-05-16T03:26:26.110Z] Command:       C:\Program Files\nodejs\node.exe C:\Users\Mojno\AppData\Roaming\npm\node_modules\firebase-tools\lib\bin\firebase.js init
[debug] [2022-05-16T03:26:26.110Z] CLI Version:   10.9.2
[debug] [2022-05-16T03:26:26.111Z] Platform:      win32
[debug] [2022-05-16T03:26:26.111Z] Node Version:  v16.13.1
[debug] [2022-05-16T03:26:26.112Z] Time:          Mon May 16 2022 09:26:26 GMT+0600 (Bangladesh Standard Time)
[debug] [2022-05-16T03:26:26.112Z] ----------------------------------------------------------------------
[debug] 
[debug] [2022-05-16T03:26:26.186Z] > command requires scopes: ["email","openid","https://www.googleapis.com/auth/cloudplatformprojects.readonly","https://www.googleapis.com/auth/firebase","https://www.googleapis.com/auth/cloud-platform"]
[debug] [2022-05-16T03:26:26.186Z] > authorizing via signed-in user (shahmojno1@gmail.com)
[info] 
     ######## #### ########  ######## ########     ###     ######  ########
     ##        ##  ##     ## ##       ##     ##  ##   ##  ##       ##
     ######    ##  ########  ######   ########  #########  ######  ######
     ##        ##  ##    ##  ##       ##     ## ##     ##       ## ##
     ##       #### ##     ## ######## ########  ##     ##  ######  ########

You're about to initialize a Firebase project in this directory:

  C:\Users\Mojno\Project\smartphone-inventory

Before we get started, keep in mind:

  * You are initializing within an existing Firebase project directory

[info] 
=== Project Setup
[info] 
[info] First, let's associate this project directory with a Firebase project.
[info] You can create multiple project aliases by running firebase use --add, 
[info] but for now we'll just set up a default project.
[info] 
[debug] [2022-05-16T03:26:35.464Z] Using project from CLI flag: inventory1-3b50f
[debug] [2022-05-16T03:26:35.467Z] >>> [apiv2][query] GET https://firebase.googleapis.com/v1beta1/projects/inventory1-3b50f [none]
[debug] [2022-05-16T03:26:36.031Z] <<< [apiv2][status] GET https://firebase.googleapis.com/v1beta1/projects/inventory1-3b50f 200
[debug] [2022-05-16T03:26:36.032Z] <<< [apiv2][body] GET https://firebase.googleapis.com/v1beta1/projects/inventory1-3b50f {"projectId":"inventory1-3b50f","projectNumber":"49132428768","displayName":"inventory1","name":"projects/inventory1-3b50f","resources":{"hostingSite":"inventory1-3b50f"},"state":"ACTIVE"}
[info] i  Using project inventory1-3b50f (inventory1) 
[info] 
=== Hosting:github Setup
[info] 
[info] i  Detected a .git folder at C:\Users\Mojno\Project\smartphone-inventory 
[info] i  Authorizing with GitHub to upload your service account to a GitHub repository's secrets store. 
[info] 
[info] Visit this URL on this device to log in:
[info] https://github.com/login/oauth/authorize?client_id=89cf50f02ac6aaed3484&state=6148823&redirect_uri=http%3A%2F%2Flocalhost%3A9005&scope=read%3Auser%20repo%20public_repo
[info] 
[info] Waiting for authentication...
[debug] [2022-05-16T03:26:37.272Z] >>> HTTP REQUEST POST https://github.com/login/oauth/access_token  
 {"client_id":"89cf50f02ac6aaed3484","client_secret":"3330d14abc895d9a74d5f17cd7a00711fa2c5bf0","code":"9d67c177ed35c0af67da","redirect_uri":"http://localhost:9005","state":"6148823"}
[debug] [2022-05-16T03:26:38.122Z] <<< HTTP RESPONSE 200 {"server":"GitHub.com","date":"Mon, 16 May 2022 03:27:00 GMT","content-type":"application/json; charset=utf-8","transfer-encoding":"chunked","vary":"X-PJAX, X-PJAX-Container, Accept-Encoding, Accept, X-Requested-With","permissions-policy":"interest-cohort=()","etag":"W/\"85b9b443a12931b5dc2d62ec170a3c0f\"","cache-control":"max-age=0, private, must-revalidate","strict-transport-security":"max-age=31536000; includeSubdomains; preload","x-frame-options":"deny","x-content-type-options":"nosniff","x-xss-protection":"0","referrer-policy":"origin-when-cross-origin, strict-origin-when-cross-origin","expect-ct":"max-age=2592000, report-uri=\"https://api.github.com/_private/browser/errors\"","content-security-policy":"default-src 'none'; base-uri 'self'; block-all-mixed-content; child-src github.com/assets-cdn/worker/ gist.github.com/assets-cdn/worker/; connect-src 'self' uploads.github.com objects-origin.githubusercontent.com www.githubstatus.com collector.github.com raw.githubusercontent.com api.github.com github-cloud.s3.amazonaws.com github-production-repository-file-5c1aeb.s3.amazonaws.com github-production-upload-manifest-file-7fdce7.s3.amazonaws.com github-production-user-asset-6210df.s3.amazonaws.com cdn.optimizely.com logx.optimizely.com/v1/events translator.github.com *.actions.githubusercontent.com wss://*.actions.githubusercontent.com online.visualstudio.com/api/v1/locations github-production-repository-image-32fea6.s3.amazonaws.com github-production-release-asset-2e65be.s3.amazonaws.com insights.github.com wss://alive.github.com; font-src github.githubassets.com; form-action 'self' github.com gist.github.com objects-origin.githubusercontent.com; frame-ancestors 'none'; frame-src render.githubusercontent.com viewscreen.githubusercontent.com notebooks.githubusercontent.com; img-src 'self' data: github.githubassets.com identicons.github.com github-cloud.s3.amazonaws.com secured-user-images.githubusercontent.com/ *.githubusercontent.com; manifest-src 'self'; media-src github.com user-images.githubusercontent.com/; script-src github.githubassets.com; style-src 'unsafe-inline' github.githubassets.com; worker-src github.com/assets-cdn/worker/ gist.github.com/assets-cdn/worker/","x-github-request-id":"F177:6EAE:CCB87:1012EC:6281C484"}
[debug] [2022-05-16T03:26:38.132Z] >>> [apiv2][query] GET https://api.github.com/user [none]
[debug] [2022-05-16T03:26:38.687Z] <<< [apiv2][status] GET https://api.github.com/user 200
[debug] [2022-05-16T03:26:38.687Z] <<< [apiv2][body] GET https://api.github.com/user {"login":"shahmojno","id":86397199,"node_id":"MDQ6VXNlcjg2Mzk3MTk5","avatar_url":"https://avatars.githubusercontent.com/u/86397199?v=4","gravatar_id":"","url":"https://api.github.com/users/shahmojno","html_url":"https://github.com/shahmojno","followers_url":"https://api.github.com/users/shahmojno/followers","following_url":"https://api.github.com/users/shahmojno/following{/other_user}","gists_url":"https://api.github.com/users/shahmojno/gists{/gist_id}","starred_url":"https://api.github.com/users/shahmojno/starred{/owner}{/repo}","subscriptions_url":"https://api.github.com/users/shahmojno/subscriptions","organizations_url":"https://api.github.com/users/shahmojno/orgs","repos_url":"https://api.github.com/users/shahmojno/repos","events_url":"https://api.github.com/users/shahmojno/events{/privacy}","received_events_url":"https://api.github.com/users/shahmojno/received_events","type":"User","site_admin":false,"name":null,"company":null,"blog":"","location":null,"email":null,"hireable":null,"bio":null,"twitter_username":null,"public_repos":17,"public_gists":0,"followers":0,"following":0,"created_at":"2021-06-24T05:36:31Z","updated_at":"2022-05-15T21:32:04Z","private_gists":0,"total_private_repos":0,"owned_private_repos":0,"disk_usage":104735,"collaborators":0,"two_factor_authentication":false,"plan":{"name":"free","space":976562499,"collaborators":0,"private_repos":10000}}
[info] 
[info] +  Success! Logged into GitHub as shahmojno 
[info] 
